\BOOKMARK [1][-]{section.1}{Quest\343o 1}{}% 1
\BOOKMARK [2][-]{subsection.1.1}{Determinar a fun\347\343o dos circuito}{section.1}% 2
\BOOKMARK [3][-]{subsubsection.1.1.1}{Circuito 1}{subsection.1.1}% 3
\BOOKMARK [3][-]{subsubsection.1.1.2}{Circuito 2}{subsection.1.1}% 4
\BOOKMARK [3][-]{subsubsection.1.1.3}{Circuito 3}{subsection.1.1}% 5
\BOOKMARK [3][-]{subsubsection.1.1.4}{Circuito 4}{subsection.1.1}% 6
\BOOKMARK [3][-]{subsubsection.1.1.5}{Circuito 5}{subsection.1.1}% 7
\BOOKMARK [2][-]{subsection.1.2}{Item g}{section.1}% 8
\BOOKMARK [3][-]{subsubsection.1.2.1}{Circuito 1}{subsection.1.2}% 9
\BOOKMARK [3][-]{subsubsection.1.2.2}{Circuito 2}{subsection.1.2}% 10
\BOOKMARK [3][-]{subsubsection.1.2.3}{Circuito 3}{subsection.1.2}% 11
\BOOKMARK [3][-]{subsubsection.1.2.4}{Circuito 4}{subsection.1.2}% 12
\BOOKMARK [3][-]{subsubsection.1.2.5}{Circuito 5}{subsection.1.2}% 13
\BOOKMARK [2][-]{subsection.1.3}{Item h}{section.1}% 14
\BOOKMARK [3][-]{subsubsection.1.3.1}{Circuito 1}{subsection.1.3}% 15
\BOOKMARK [3][-]{subsubsection.1.3.2}{Circuito 2}{subsection.1.3}% 16
\BOOKMARK [3][-]{subsubsection.1.3.3}{Circuito 3}{subsection.1.3}% 17
\BOOKMARK [3][-]{subsubsection.1.3.4}{Circuito 4}{subsection.1.3}% 18
\BOOKMARK [3][-]{subsubsection.1.3.5}{Circuito 5}{subsection.1.3}% 19
\BOOKMARK [2][-]{subsection.1.4}{Item i}{section.1}% 20
\BOOKMARK [3][-]{subsubsection.1.4.1}{Circuito 1}{subsection.1.4}% 21
\BOOKMARK [3][-]{subsubsection.1.4.2}{Circuito 2}{subsection.1.4}% 22
\BOOKMARK [3][-]{subsubsection.1.4.3}{Circuito 3}{subsection.1.4}% 23
\BOOKMARK [3][-]{subsubsection.1.4.4}{Circuito 4}{subsection.1.4}% 24
\BOOKMARK [3][-]{subsubsection.1.4.5}{Circuito 5}{subsection.1.4}% 25
\BOOKMARK [2][-]{subsection.1.5}{Item j}{section.1}% 26
\BOOKMARK [3][-]{subsubsection.1.5.1}{Circuito 1}{subsection.1.5}% 27
\BOOKMARK [3][-]{subsubsection.1.5.2}{Circuito 2}{subsection.1.5}% 28
\BOOKMARK [3][-]{subsubsection.1.5.3}{Circuito 3}{subsection.1.5}% 29
\BOOKMARK [3][-]{subsubsection.1.5.4}{Circuito 4}{subsection.1.5}% 30
\BOOKMARK [3][-]{subsubsection.1.5.5}{Circuito 5}{subsection.1.5}% 31
\BOOKMARK [2][-]{subsection.1.6}{Item k}{section.1}% 32
\BOOKMARK [3][-]{subsubsection.1.6.1}{Circuito 1}{subsection.1.6}% 33
\BOOKMARK [3][-]{subsubsection.1.6.2}{Circuito 2}{subsection.1.6}% 34
\BOOKMARK [3][-]{subsubsection.1.6.3}{Circuito 3}{subsection.1.6}% 35
\BOOKMARK [3][-]{subsubsection.1.6.4}{Circuito 4}{subsection.1.6}% 36
\BOOKMARK [3][-]{subsubsection.1.6.5}{Circuito 5}{subsection.1.6}% 37
\BOOKMARK [2][-]{subsection.1.7}{Item l}{section.1}% 38
\BOOKMARK [3][-]{subsubsection.1.7.1}{Circuito 1}{subsection.1.7}% 39
\BOOKMARK [3][-]{subsubsection.1.7.2}{Circuito 2}{subsection.1.7}% 40
\BOOKMARK [3][-]{subsubsection.1.7.3}{Circuito 3}{subsection.1.7}% 41
\BOOKMARK [3][-]{subsubsection.1.7.4}{Circuito 4}{subsection.1.7}% 42
\BOOKMARK [3][-]{subsubsection.1.7.5}{Circuito 5}{subsection.1.7}% 43
\BOOKMARK [2][-]{subsection.1.8}{Item m}{section.1}% 44
\BOOKMARK [3][-]{subsubsection.1.8.1}{Circuito 1}{subsection.1.8}% 45
\BOOKMARK [3][-]{subsubsection.1.8.2}{Circuito 2}{subsection.1.8}% 46
\BOOKMARK [3][-]{subsubsection.1.8.3}{Circuito 3}{subsection.1.8}% 47
\BOOKMARK [3][-]{subsubsection.1.8.4}{Circuito 4}{subsection.1.8}% 48
\BOOKMARK [3][-]{subsubsection.1.8.5}{Circuito 5}{subsection.1.8}% 49
\BOOKMARK [1][-]{section.2}{Quest\343o 2}{}% 50
\BOOKMARK [2][-]{subsection.2.1}{Item a}{section.2}% 51
\BOOKMARK [2][-]{subsection.2.2}{Item b}{section.2}% 52
\BOOKMARK [2][-]{subsection.2.3}{Item c}{section.2}% 53
\BOOKMARK [2][-]{subsection.2.4}{Item d}{section.2}% 54
\BOOKMARK [2][-]{subsection.2.5}{Item e}{section.2}% 55
\BOOKMARK [2][-]{subsection.2.6}{Item f}{section.2}% 56
\BOOKMARK [2][-]{subsection.2.7}{Item g}{section.2}% 57
\BOOKMARK [2][-]{subsection.2.8}{Item h}{section.2}% 58
\BOOKMARK [2][-]{subsection.2.9}{Item i}{section.2}% 59
\BOOKMARK [2][-]{subsection.2.10}{Item j}{section.2}% 60
\BOOKMARK [2][-]{subsection.2.11}{Item k}{section.2}% 61
\BOOKMARK [2][-]{subsection.2.12}{Item l}{section.2}% 62
\BOOKMARK [1][-]{section.3}{Quest\343o 3}{}% 63
\BOOKMARK [2][-]{subsection.3.1}{Item a}{section.3}% 64
\BOOKMARK [3][-]{subsubsection.3.1.1}{Variando em }{subsection.3.1}% 65
\BOOKMARK [3][-]{subsubsection.3.1.2}{Variando em }{subsection.3.1}% 66
\BOOKMARK [2][-]{subsection.3.2}{Item b}{section.3}% 67
\BOOKMARK [3][-]{subsubsection.3.2.1}{Variando em }{subsection.3.2}% 68
\BOOKMARK [3][-]{subsubsection.3.2.2}{Variando em }{subsection.3.2}% 69
\BOOKMARK [2][-]{subsection.3.3}{Item c}{section.3}% 70
\BOOKMARK [3][-]{subsubsection.3.3.1}{Variando em }{subsection.3.3}% 71
\BOOKMARK [3][-]{subsubsection.3.3.2}{Variando em }{subsection.3.3}% 72
\BOOKMARK [2][-]{subsection.3.4}{Item d}{section.3}% 73
\BOOKMARK [3][-]{subsubsection.3.4.1}{Variando em }{subsection.3.4}% 74
\BOOKMARK [3][-]{subsubsection.3.4.2}{Variando em }{subsection.3.4}% 75
\BOOKMARK [2][-]{subsection.3.5}{Item e}{section.3}% 76
\BOOKMARK [3][-]{subsubsection.3.5.1}{Variando em }{subsection.3.5}% 77
\BOOKMARK [3][-]{subsubsection.3.5.2}{Variando em }{subsection.3.5}% 78
\BOOKMARK [2][-]{subsection.3.6}{Item f}{section.3}% 79
\BOOKMARK [3][-]{subsubsection.3.6.1}{Variando em }{subsection.3.6}% 80
\BOOKMARK [3][-]{subsubsection.3.6.2}{Variando em }{subsection.3.6}% 81
\BOOKMARK [2][-]{subsection.3.7}{Item g}{section.3}% 82
\BOOKMARK [3][-]{subsubsection.3.7.1}{Variando em }{subsection.3.7}% 83
\BOOKMARK [3][-]{subsubsection.3.7.2}{Variando em }{subsection.3.7}% 84
\BOOKMARK [2][-]{subsection.3.8}{Item h}{section.3}% 85
\BOOKMARK [3][-]{subsubsection.3.8.1}{Variando em }{subsection.3.8}% 86
\BOOKMARK [3][-]{subsubsection.3.8.2}{Variando em }{subsection.3.8}% 87
\BOOKMARK [2][-]{subsection.3.9}{Item i}{section.3}% 88
\BOOKMARK [3][-]{subsubsection.3.9.1}{Variando em }{subsection.3.9}% 89
\BOOKMARK [3][-]{subsubsection.3.9.2}{Variando em }{subsection.3.9}% 90
\BOOKMARK [2][-]{subsection.3.10}{Item j}{section.3}% 91
\BOOKMARK [3][-]{subsubsection.3.10.1}{Variando em }{subsection.3.10}% 92
\BOOKMARK [3][-]{subsubsection.3.10.2}{Variando em }{subsection.3.10}% 93
\BOOKMARK [2][-]{subsection.3.11}{Item k}{section.3}% 94
\BOOKMARK [3][-]{subsubsection.3.11.1}{Variando em }{subsection.3.11}% 95
\BOOKMARK [3][-]{subsubsection.3.11.2}{Variando em }{subsection.3.11}% 96
\BOOKMARK [1][-]{section.4}{Conclus\343o}{}% 97
\BOOKMARK [1][-]{section.5}{Refer\352ncias}{}% 98
